<?xml version="1.0" encoding="UTF-8"?>
<testsuite name="com.bridgelabz.EuclideanTest.EuclideanTest" tests="1" skipped="0" failures="0" errors="0" timestamp="2020-05-08T05:10:22" hostname="Achu" time="0.003">
  <properties/>
  <testcase name="givenTwoPoints_WhenFindEuclideanDistance" classname="com.bridgelabz.EuclideanTest.EuclideanTest" time="0.003"/>
  <system-out><![CDATA[]]></system-out>
  <system-err><![CDATA[]]></system-err>
</testsuite>
